Error loading image isic_id: "Unable to synchronously open object (object 'isic_id' doesn't exist)"
Error loading image target: "Unable to synchronously open object (object 'target' doesn't exist)"
Error loading image clin_size_long_diam_mm: "Unable to synchronously open object (object 'clin_size_long_diam_mm' doesn't exist)"
Error loading image tbp_lv_areaMM2: "Unable to synchronously open object (object 'tbp_lv_areaMM2' doesn't exist)"
Error loading image tbp_lv_area_perim_ratio: "Unable to synchronously open object (object 'tbp_lv_area_perim_ratio' doesn't exist)"
Error loading image tbp_lv_eccentricity: "Unable to synchronously open object (object 'tbp_lv_eccentricity' doesn't exist)"
Error loading image tbp_lv_minorAxisMM: "Unable to synchronously open object (object 'tbp_lv_minorAxisMM' doesn't exist)"
Error loading image tbp_lv_color_std_mean: "Unable to synchronously open object (object 'tbp_lv_color_std_mean' doesn't exist)"
Error loading image tbp_lv_deltaLBnorm: "Unable to synchronously open object (object 'tbp_lv_deltaLBnorm' doesn't exist)"
Error loading image tbp_lv_radial_color_std_max: "Unable to synchronously open object (object 'tbp_lv_radial_color_std_max' doesn't exist)"
Error loading image isic_id: "Unable to synchronously open object (object 'isic_id' doesn't exist)"
Error loading image target: "Unable to synchronously open object (object 'target' doesn't exist)"
Error loading image clin_size_long_diam_mm: "Unable to synchronously open object (object 'clin_size_long_diam_mm' doesn't exist)"
Error loading image tbp_lv_areaMM2: "Unable to synchronously open object (object 'tbp_lv_areaMM2' doesn't exist)"
Error loading image tbp_lv_area_perim_ratio: "Unable to synchronously open object (object 'tbp_lv_area_perim_ratio' doesn't exist)"
Error loading image tbp_lv_eccentricity: "Unable to synchronously open object (object 'tbp_lv_eccentricity' doesn't exist)"
Error loading image tbp_lv_minorAxisMM: "Unable to synchronously open object (object 'tbp_lv_minorAxisMM' doesn't exist)"
Error loading image tbp_lv_color_std_mean: "Unable to synchronously open object (object 'tbp_lv_color_std_mean' doesn't exist)"
Error loading image tbp_lv_deltaLBnorm: "Unable to synchronously open object (object 'tbp_lv_deltaLBnorm' doesn't exist)"
Error loading image tbp_lv_radial_color_std_max: "Unable to synchronously open object (object 'tbp_lv_radial_color_std_max' doesn't exist)"
Error loading image isic_id: "Unable to synchronously open object (object 'isic_id' doesn't exist)"
Error loading image target: "Unable to synchronously open object (object 'target' doesn't exist)"
Error loading image clin_size_long_diam_mm: "Unable to synchronously open object (object 'clin_size_long_diam_mm' doesn't exist)"
Error loading image tbp_lv_areaMM2: "Unable to synchronously open object (object 'tbp_lv_areaMM2' doesn't exist)"
Error loading image tbp_lv_area_perim_ratio: "Unable to synchronously open object (object 'tbp_lv_area_perim_ratio' doesn't exist)"
Error loading image tbp_lv_eccentricity: "Unable to synchronously open object (object 'tbp_lv_eccentricity' doesn't exist)"
Error loading image tbp_lv_minorAxisMM: "Unable to synchronously open object (object 'tbp_lv_minorAxisMM' doesn't exist)"
Error loading image tbp_lv_color_std_mean: "Unable to synchronously open object (object 'tbp_lv_color_std_mean' doesn't exist)"
Error loading image tbp_lv_deltaLBnorm: "Unable to synchronously open object (object 'tbp_lv_deltaLBnorm' doesn't exist)"
Error loading image tbp_lv_radial_color_std_max: "Unable to synchronously open object (object 'tbp_lv_radial_color_std_max' doesn't exist)"
Error loading image isic_id: "Unable to synchronously open object (object 'isic_id' doesn't exist)"
Error loading image target: "Unable to synchronously open object (object 'target' doesn't exist)"
Error loading image clin_size_long_diam_mm: "Unable to synchronously open object (object 'clin_size_long_diam_mm' doesn't exist)"
Error loading image tbp_lv_areaMM2: "Unable to synchronously open object (object 'tbp_lv_areaMM2' doesn't exist)"
Error loading image tbp_lv_area_perim_ratio: "Unable to synchronously open object (object 'tbp_lv_area_perim_ratio' doesn't exist)"
Error loading image tbp_lv_eccentricity: "Unable to synchronously open object (object 'tbp_lv_eccentricity' doesn't exist)"
Error loading image tbp_lv_minorAxisMM: "Unable to synchronously open object (object 'tbp_lv_minorAxisMM' doesn't exist)"
Error loading image tbp_lv_color_std_mean: "Unable to synchronously open object (object 'tbp_lv_color_std_mean' doesn't exist)"
Error loading image tbp_lv_deltaLBnorm: "Unable to synchronously open object (object 'tbp_lv_deltaLBnorm' doesn't exist)"
Error loading image tbp_lv_radial_color_std_max: "Unable to synchronously open object (object 'tbp_lv_radial_color_std_max' doesn't exist)"
Error loading image isic_id: "Unable to synchronously open object (object 'isic_id' doesn't exist)"
Error loading image target: "Unable to synchronously open object (object 'target' doesn't exist)"
Error loading image clin_size_long_diam_mm: "Unable to synchronously open object (object 'clin_size_long_diam_mm' doesn't exist)"
Error loading image tbp_lv_areaMM2: "Unable to synchronously open object (object 'tbp_lv_areaMM2' doesn't exist)"
Error loading image tbp_lv_area_perim_ratio: "Unable to synchronously open object (object 'tbp_lv_area_perim_ratio' doesn't exist)"
Error loading image tbp_lv_eccentricity: "Unable to synchronously open object (object 'tbp_lv_eccentricity' doesn't exist)"
Error loading image tbp_lv_minorAxisMM: "Unable to synchronously open object (object 'tbp_lv_minorAxisMM' doesn't exist)"
Error loading image tbp_lv_color_std_mean: "Unable to synchronously open object (object 'tbp_lv_color_std_mean' doesn't exist)"
Error loading image tbp_lv_deltaLBnorm: "Unable to synchronously open object (object 'tbp_lv_deltaLBnorm' doesn't exist)"
Error loading image tbp_lv_radial_color_std_max: "Unable to synchronously open object (object 'tbp_lv_radial_color_std_max' doesn't exist)"
Error loading image isic_id: "Unable to synchronously open object (object 'isic_id' doesn't exist)"
Error loading image target: "Unable to synchronously open object (object 'target' doesn't exist)"
Error loading image clin_size_long_diam_mm: "Unable to synchronously open object (object 'clin_size_long_diam_mm' doesn't exist)"
Error loading image tbp_lv_areaMM2: "Unable to synchronously open object (object 'tbp_lv_areaMM2' doesn't exist)"
Error loading image tbp_lv_area_perim_ratio: "Unable to synchronously open object (object 'tbp_lv_area_perim_ratio' doesn't exist)"
Error loading image tbp_lv_eccentricity: "Unable to synchronously open object (object 'tbp_lv_eccentricity' doesn't exist)"
Error loading image tbp_lv_minorAxisMM: "Unable to synchronously open object (object 'tbp_lv_minorAxisMM' doesn't exist)"
Error loading image tbp_lv_color_std_mean: "Unable to synchronously open object (object 'tbp_lv_color_std_mean' doesn't exist)"
Error loading image tbp_lv_deltaLBnorm: "Unable to synchronously open object (object 'tbp_lv_deltaLBnorm' doesn't exist)"
Error loading image tbp_lv_radial_color_std_max: "Unable to synchronously open object (object 'tbp_lv_radial_color_std_max' doesn't exist)"
Error loading image isic_id: "Unable to synchronously open object (object 'isic_id' doesn't exist)"
Error loading image target: "Unable to synchronously open object (object 'target' doesn't exist)"
Error loading image clin_size_long_diam_mm: "Unable to synchronously open object (object 'clin_size_long_diam_mm' doesn't exist)"
Error loading image tbp_lv_areaMM2: "Unable to synchronously open object (object 'tbp_lv_areaMM2' doesn't exist)"
Error loading image tbp_lv_area_perim_ratio: "Unable to synchronously open object (object 'tbp_lv_area_perim_ratio' doesn't exist)"
Error loading image tbp_lv_eccentricity: "Unable to synchronously open object (object 'tbp_lv_eccentricity' doesn't exist)"
Error loading image tbp_lv_minorAxisMM: "Unable to synchronously open object (object 'tbp_lv_minorAxisMM' doesn't exist)"
Error loading image tbp_lv_color_std_mean: "Unable to synchronously open object (object 'tbp_lv_color_std_mean' doesn't exist)"
Error loading image tbp_lv_deltaLBnorm: "Unable to synchronously open object (object 'tbp_lv_deltaLBnorm' doesn't exist)"
Error loading image tbp_lv_radial_color_std_max: "Unable to synchronously open object (object 'tbp_lv_radial_color_std_max' doesn't exist)"
Error loading image isic_id: "Unable to synchronously open object (object 'isic_id' doesn't exist)"
Error loading image target: "Unable to synchronously open object (object 'target' doesn't exist)"
Error loading image clin_size_long_diam_mm: "Unable to synchronously open object (object 'clin_size_long_diam_mm' doesn't exist)"
Error loading image tbp_lv_areaMM2: "Unable to synchronously open object (object 'tbp_lv_areaMM2' doesn't exist)"
Error loading image tbp_lv_area_perim_ratio: "Unable to synchronously open object (object 'tbp_lv_area_perim_ratio' doesn't exist)"
Error loading image tbp_lv_eccentricity: "Unable to synchronously open object (object 'tbp_lv_eccentricity' doesn't exist)"
Error loading image tbp_lv_minorAxisMM: "Unable to synchronously open object (object 'tbp_lv_minorAxisMM' doesn't exist)"
Error loading image tbp_lv_color_std_mean: "Unable to synchronously open object (object 'tbp_lv_color_std_mean' doesn't exist)"
Error loading image tbp_lv_deltaLBnorm: "Unable to synchronously open object (object 'tbp_lv_deltaLBnorm' doesn't exist)"
Error loading image tbp_lv_radial_color_std_max: "Unable to synchronously open object (object 'tbp_lv_radial_color_std_max' doesn't exist)"
Error loading image isic_id: "Unable to synchronously open object (object 'isic_id' doesn't exist)"
Error loading image target: "Unable to synchronously open object (object 'target' doesn't exist)"
Error loading image clin_size_long_diam_mm: "Unable to synchronously open object (object 'clin_size_long_diam_mm' doesn't exist)"
Error loading image tbp_lv_areaMM2: "Unable to synchronously open object (object 'tbp_lv_areaMM2' doesn't exist)"
Error loading image tbp_lv_area_perim_ratio: "Unable to synchronously open object (object 'tbp_lv_area_perim_ratio' doesn't exist)"
Error loading image tbp_lv_eccentricity: "Unable to synchronously open object (object 'tbp_lv_eccentricity' doesn't exist)"
Error loading image tbp_lv_minorAxisMM: "Unable to synchronously open object (object 'tbp_lv_minorAxisMM' doesn't exist)"
Error loading image tbp_lv_color_std_mean: "Unable to synchronously open object (object 'tbp_lv_color_std_mean' doesn't exist)"
Error loading image tbp_lv_deltaLBnorm: "Unable to synchronously open object (object 'tbp_lv_deltaLBnorm' doesn't exist)"
Error loading image tbp_lv_radial_color_std_max: "Unable to synchronously open object (object 'tbp_lv_radial_color_std_max' doesn't exist)"
Error loading image isic_id: "Unable to synchronously open object (object 'isic_id' doesn't exist)"
Error loading image target: "Unable to synchronously open object (object 'target' doesn't exist)"
Error loading image clin_size_long_diam_mm: "Unable to synchronously open object (object 'clin_size_long_diam_mm' doesn't exist)"
Error loading image tbp_lv_areaMM2: "Unable to synchronously open object (object 'tbp_lv_areaMM2' doesn't exist)"
Error loading image tbp_lv_area_perim_ratio: "Unable to synchronously open object (object 'tbp_lv_area_perim_ratio' doesn't exist)"
Error loading image tbp_lv_eccentricity: "Unable to synchronously open object (object 'tbp_lv_eccentricity' doesn't exist)"
Error loading image tbp_lv_minorAxisMM: "Unable to synchronously open object (object 'tbp_lv_minorAxisMM' doesn't exist)"
Error loading image tbp_lv_color_std_mean: "Unable to synchronously open object (object 'tbp_lv_color_std_mean' doesn't exist)"
Error loading image tbp_lv_deltaLBnorm: "Unable to synchronously open object (object 'tbp_lv_deltaLBnorm' doesn't exist)"
Error loading image tbp_lv_radial_color_std_max: "Unable to synchronously open object (object 'tbp_lv_radial_color_std_max' doesn't exist)"
